#
# There is insufficient memory for the Java Runtime Environment to continue.
# Native memory allocation (malloc) failed to allocate 356336 bytes for Chunk::new
# Possible reasons:
#   The system is out of physical RAM or swap space
#   In 32 bit mode, the process size limit was hit
# Possible solutions:
#   Reduce memory load on the system
#   Increase physical memory or swap space
#   Check if swap backing store is full
#   Use 64 bit Java on a 64 bit OS
#   Decrease Java heap size (-Xmx/-Xms)
#   Decrease number of Java threads
#   Decrease Java thread stack sizes (-Xss)
#   Set larger code cache with -XX:ReservedCodeCacheSize=
# This output file may be truncated or incomplete.
#
#  Out of Memory Error (allocation.cpp:328), pid=5348, tid=4760
#
# JRE version: 7.0_11-b21
# Java VM: Java HotSpot(TM) 64-Bit Server VM (23.6-b04 mixed mode windows-amd64 compressed oops)
# Failed to write core dump. Minidumps are not enabled by default on client versions of Windows
#

---------------  T H R E A D  ---------------

Current thread (0x0000000027385800):  JavaThread "C2 CompilerThread1" daemon [_thread_in_native, id=4760, stack(0x0000000050ef0000,0x0000000054ef0000)]

Stack: [0x0000000050ef0000,0x0000000054ef0000]

Current CompileTask:
C2: 278679 1984             java.awt.geom.AffineTransform::transform (662 bytes)


---------------  P R O C E S S  ---------------

Java Threads: ( => current thread )
  0x0000000060449800 JavaThread "Code Analyzer updating thread" [_thread_blocked, id=17612, stack(0x0000000118000000,0x000000011c000000)]
  0x000000005f265800 JavaThread "Code Analyzer updating thread" [_thread_blocked, id=17688, stack(0x0000000114000000,0x0000000118000000)]
  0x000000005f266000 JavaThread "Code Analyzer updating thread" [_thread_blocked, id=9176, stack(0x0000000110000000,0x0000000114000000)]
  0x000000005f267800 JavaThread "Code Analyzer updating thread" [_thread_blocked, id=12100, stack(0x000000010c000000,0x0000000110000000)]
  0x000000005f268800 JavaThread "Code Analyzer updating thread" [_thread_blocked, id=8388, stack(0x0000000108000000,0x000000010c000000)]
  0x000000005f26b000 JavaThread "Code Analyzer updating thread" [_thread_blocked, id=8496, stack(0x0000000104000000,0x0000000108000000)]
  0x000000005f26e000 JavaThread "Code Analyzer updating thread" [_thread_blocked, id=6828, stack(0x0000000100000000,0x0000000104000000)]
  0x000000005f270000 JavaThread "Code Analyzer updating thread" [_thread_blocked, id=11348, stack(0x00000000dc000000,0x00000000e0000000)]
  0x000000005f271000 JavaThread "Active Reference Queue Daemon" daemon [_thread_blocked, id=13792, stack(0x00000000d8000000,0x00000000dc000000)]
  0x000000005f26b800 JavaThread "Timer-1" daemon [_thread_blocked, id=12676, stack(0x00000000d4000000,0x00000000d8000000)]
  0x000000005f271800 JavaThread "ClipboardMonitor Timer" daemon [_thread_blocked, id=17776, stack(0x00000000d0000000,0x00000000d4000000)]
  0x000000005f26f800 JavaThread "Explorer NavigationContext request queue" daemon [_thread_blocked, id=7076, stack(0x00000000cc000000,0x00000000d0000000)]
  0x000000005f26d000 JavaThread "AddressBar directory emptiness poller" daemon [_thread_blocked, id=14140, stack(0x00000000c4000000,0x00000000c8000000)]
  0x000000005f26c800 JavaThread "Explorer Refresh Service 1749515852" daemon [_thread_blocked, id=4468, stack(0x00000000c0000000,0x00000000c4000000)]
  0x000000005f267000 JavaThread "Thread-4" daemon [_thread_blocked, id=16760, stack(0x00000000b4000000,0x00000000b8000000)]
  0x000000006044a800 JavaThread "TimerQueue" daemon [_thread_blocked, id=15640, stack(0x00000000b0000000,0x00000000b4000000)]
  0x000000005f264800 JavaThread "Thread-3" daemon [_thread_blocked, id=12144, stack(0x000000009c000000,0x00000000a0000000)]
  0x000000005f264000 JavaThread "AWT-EventQueue-0" [_thread_blocked, id=14300, stack(0x0000000098000000,0x000000009c000000)]
  0x000000005f263000 JavaThread "AWT-Shutdown" [_thread_blocked, id=11276, stack(0x0000000084000000,0x0000000088000000)]
  0x000000005f262800 JavaThread "FelixPackageAdmin" daemon [_thread_blocked, id=15336, stack(0x00000000a8000000,0x00000000ac000000)]
  0x000000005ee53800 JavaThread "FelixStartLevel" daemon [_thread_blocked, id=7376, stack(0x00000000a4000000,0x00000000a8000000)]
  0x000000005f01c000 JavaThread "FelixDispatchQueue" daemon [_thread_blocked, id=11008, stack(0x00000000a0000000,0x00000000a4000000)]
  0x000000005ed2c000 JavaThread "com.google.common.base.internal.Finalizer" daemon [_thread_blocked, id=11772, stack(0x0000000090000000,0x0000000094000000)]
  0x000000005e9dd000 JavaThread "AWT-Windows" daemon [_thread_in_native, id=3900, stack(0x0000000088000000,0x000000008c000000)]
  0x00000000275c1000 JavaThread "Java2D Disposer" daemon [_thread_blocked, id=8824, stack(0x0000000080000000,0x0000000084000000)]
  0x00000000275d9800 JavaThread "Timer-0" [_thread_blocked, id=17316, stack(0x0000000077e60000,0x000000007be60000)]
  0x000000005ea19000 JavaThread "EventMgr Dispatcher" daemon [_thread_in_native, id=12356, stack(0x0000000071250000,0x0000000075250000)]
  0x0000000027386800 JavaThread "Service Thread" daemon [_thread_blocked, id=13180, stack(0x0000000054ff0000,0x0000000058ff0000)]
=>0x0000000027385800 JavaThread "C2 CompilerThread1" daemon [_thread_in_native, id=4760, stack(0x0000000050ef0000,0x0000000054ef0000)]
  0x0000000027380800 JavaThread "C2 CompilerThread0" daemon [_thread_blocked, id=8520, stack(0x000000004cef0000,0x0000000050ef0000)]
  0x000000002737c000 JavaThread "Attach Listener" daemon [_thread_blocked, id=10992, stack(0x0000000048ef0000,0x000000004cef0000)]
  0x0000000027312000 JavaThread "Finalizer" daemon [_thread_blocked, id=8652, stack(0x0000000044ef0000,0x0000000048ef0000)]
  0x000000002730c000 JavaThread "Reference Handler" daemon [_thread_blocked, id=5240, stack(0x0000000040ef0000,0x0000000044ef0000)]
  0x000000001630f800 JavaThread "main" [_thread_in_native, id=16080, stack(0x0000000000030000,0x0000000004030000)]

Other Threads:
  0x0000000027305000 VMThread [stack: 0x000000003cef0000,0x0000000040ef0000] [id=9324]
  0x00000000273ab000 WatcherThread [stack: 0x0000000058ff0000,0x000000005cff0000] [id=10640]

VM state:not at safepoint (normal execution)

VM Mutex/Monitor currently owned by a thread: None

Heap
 PSYoungGen      total 89600K, used 27456K [0x00000000fa000000, 0x00000000ffeb0000, 0x0000000100000000)
  eden space 81856K, 29% used [0x00000000fa000000,0x00000000fb7e1ee8,0x00000000feff0000)
  from space 7744K, 38% used [0x00000000ff710000,0x00000000ff9fe318,0x00000000ffea0000)
  to   space 7296K, 0% used [0x00000000feff0000,0x00000000feff0000,0x00000000ff710000)
 ParOldGen       total 72192K, used 57504K [0x00000000e8000000, 0x00000000ec680000, 0x00000000fa000000)
  object space 72192K, 79% used [0x00000000e8000000,0x00000000eb8281b8,0x00000000ec680000)
 PSPermGen       total 95296K, used 58121K [0x00000000e0000000, 0x00000000e5d10000, 0x00000000e8000000)
  object space 95296K, 60% used [0x00000000e0000000,0x00000000e38c25a0,0x00000000e5d10000)

Card table byte_map: [0x000000002a9f0000,0x000000002ab00000] byte_map_base: 0x000000002a2f0000

Polling page: 0x0000000008ad0000

Code Cache  [0x0000000027930000, 0x0000000027ea0000, 0x000000002a930000)
 total_blobs=2523 nmethods=1869 adapters=603 free_code_cache=43704Kb largest_free_block=44665536

Compilation events (10 events):
Event: 218.569 Thread 0x0000000027385800 1980             sun.awt.SunToolkit::targetToAppContext (36 bytes)
Event: 221.500 Thread 0x0000000027380800 nmethod 1979 0x0000000027e8ae90 code [0x0000000027e8afe0, 0x0000000027e8b0b8]
Event: 221.500 Thread 0x0000000027385800 nmethod 1980 0x0000000027e8a9d0 code [0x0000000027e8ab40, 0x0000000027e8aca8]
Event: 241.916 Thread 0x0000000027380800 1981             com.mathworks.util.NativeJava$StatEntry::<init> (87 bytes)
Event: 241.918 Thread 0x0000000027380800 nmethod 1981 0x0000000027e8a790 code [0x0000000027e8a8c0, 0x0000000027e8a978]
Event: 247.936 Thread 0x0000000027385800 1982             java.util.HashMap::remove (19 bytes)
Event: 248.037 Thread 0x0000000027385800 nmethod 1982 0x0000000027e8a450 code [0x0000000027e8a5a0, 0x0000000027e8a628]
Event: 277.283 Thread 0x0000000027380800 1983             sun.java2d.pipe.Region::getInstanceXYWH (16 bytes)
Event: 277.452 Thread 0x0000000027380800 nmethod 1983 0x0000000027e8d490 code [0x0000000027e8d5e0, 0x0000000027e8d6f8]
Event: 278.519 Thread 0x0000000027385800 1984             java.awt.geom.AffineTransform::transform (662 bytes)

GC Heap History (10 events):
Event: 55.512 GC heap before
{Heap before GC invocations=35 (full 1):
 PSYoungGen      total 79360K, used 79352K [0x00000000fa000000, 0x00000000ffe50000, 0x0000000100000000)
  eden space 76672K, 100% used [0x00000000fa000000,0x00000000feae0000,0x00000000feae0000)
  from space 2688K, 99% used [0x00000000feae0000,0x00000000fed7e318,0x00000000fed80000)
  to   space 9856K, 0% used [0x00000000ff4b0000,0x00000000ff4b0000,0x00000000ffe50000)
 ParOldGen       total 72192K, used 57488K [0x00000000e8000000, 0x00000000ec680000, 0x00000000fa000000)
  object space 72192K, 79% used [0x00000000e8000000,0x00000000eb8241b8,0x00000000ec680000)
 PSPermGen       total 95296K, used 57740K [0x00000000e0000000, 0x00000000e5d10000, 0x00000000e8000000)
  object space 95296K, 60% used [0x00000000e0000000,0x00000000e38630b8,0x00000000e5d10000)
Event: 55.518 GC heap after
Heap after GC invocations=35 (full 1):
 PSYoungGen      total 87360K, used 3142K [0x00000000fa000000, 0x0000000100000000, 0x0000000100000000)
  eden space 77504K, 0% used [0x00000000fa000000,0x00000000fa000000,0x00000000febb0000)
  from space 9856K, 31% used [0x00000000ff4b0000,0x00000000ff7c1900,0x00000000ffe50000)
  to   space 9216K, 0% used [0x00000000febb0000,0x00000000febb0000,0x00000000ff4b0000)
 ParOldGen       total 72192K, used 57488K [0x00000000e8000000, 0x00000000ec680000, 0x00000000fa000000)
  object space 72192K, 79% used [0x00000000e8000000,0x00000000eb8241b8,0x00000000ec680000)
 PSPermGen       total 95296K, used 57740K [0x00000000e0000000, 0x00000000e5d10000, 0x00000000e8000000)
  object space 95296K, 60% used [0x00000000e0000000,0x00000000e38630b8,0x00000000e5d10000)
}
Event: 68.919 GC heap before
{Heap before GC invocations=36 (full 1):
 PSYoungGen      total 87360K, used 80646K [0x00000000fa000000, 0x0000000100000000, 0x0000000100000000)
  eden space 77504K, 100% used [0x00000000fa000000,0x00000000febb0000,0x00000000febb0000)
  from space 9856K, 31% used [0x00000000ff4b0000,0x00000000ff7c1900,0x00000000ffe50000)
  to   space 9216K, 0% used [0x00000000febb0000,0x00000000febb0000,0x00000000ff4b0000)
 ParOldGen       total 72192K, used 57488K [0x00000000e8000000, 0x00000000ec680000, 0x00000000fa000000)
  object space 72192K, 79% used [0x00000000e8000000,0x00000000eb8241b8,0x00000000ec680000)
 PSPermGen       total 95296K, used 57886K [0x00000000e0000000, 0x00000000e5d10000, 0x00000000e8000000)
  object space 95296K, 60% used [0x00000000e0000000,0x00000000e3887b98,0x00000000e5d10000)
Event: 68.925 GC heap after
Heap after GC invocations=36 (full 1):
 PSYoungGen      total 86720K, used 2936K [0x00000000fa000000, 0x00000000ffe60000, 0x0000000100000000)
  eden space 77504K, 0% used [0x00000000fa000000,0x00000000fa000000,0x00000000febb0000)
  from space 9216K, 31% used [0x00000000febb0000,0x00000000fee8e318,0x00000000ff4b0000)
  to   space 8704K, 0% used [0x00000000ff5e0000,0x00000000ff5e0000,0x00000000ffe60000)
 ParOldGen       total 72192K, used 57488K [0x00000000e8000000, 0x00000000ec680000, 0x00000000fa000000)
  object space 72192K, 79% used [0x00000000e8000000,0x00000000eb8241b8,0x00000000ec680000)
 PSPermGen       total 95296K, used 57886K [0x00000000e0000000, 0x00000000e5d10000, 0x00000000e8000000)
  object space 95296K, 60% used [0x00000000e0000000,0x00000000e3887b98,0x00000000e5d10000)
}
Event: 142.358 GC heap before
{Heap before GC invocations=37 (full 1):
 PSYoungGen      total 86720K, used 80440K [0x00000000fa000000, 0x00000000ffe60000, 0x0000000100000000)
  eden space 77504K, 100% used [0x00000000fa000000,0x00000000febb0000,0x00000000febb0000)
  from space 9216K, 31% used [0x00000000febb0000,0x00000000fee8e318,0x00000000ff4b0000)
  to   space 8704K, 0% used [0x00000000ff5e0000,0x00000000ff5e0000,0x00000000ffe60000)
 ParOldGen       total 72192K, used 57488K [0x00000000e8000000, 0x00000000ec680000, 0x00000000fa000000)
  object space 72192K, 79% used [0x00000000e8000000,0x00000000eb8241b8,0x00000000ec680000)
 PSPermGen       total 95296K, used 57965K [0x00000000e0000000, 0x00000000e5d10000, 0x00000000e8000000)
  object space 95296K, 60% used [0x00000000e0000000,0x00000000e389b578,0x00000000e5d10000)
Event: 142.689 GC heap after
Heap after GC invocations=37 (full 1):
 PSYoungGen      total 88448K, used 2968K [0x00000000fa000000, 0x00000000ffe80000, 0x0000000100000000)
  eden space 79744K, 0% used [0x00000000fa000000,0x00000000fa000000,0x00000000fede0000)
  from space 8704K, 34% used [0x00000000ff5e0000,0x00000000ff8c6318,0x00000000ffe60000)
  to   space 8192K, 0% used [0x00000000fede0000,0x00000000fede0000,0x00000000ff5e0000)
 ParOldGen       total 72192K, used 57496K [0x00000000e8000000, 0x00000000ec680000, 0x00000000fa000000)
  object space 72192K, 79% used [0x00000000e8000000,0x00000000eb8261b8,0x00000000ec680000)
 PSPermGen       total 95296K, used 57965K [0x00000000e0000000, 0x00000000e5d10000, 0x00000000e8000000)
  object space 95296K, 60% used [0x00000000e0000000,0x00000000e389b578,0x00000000e5d10000)
}
Event: 159.868 GC heap before
{Heap before GC invocations=38 (full 1):
 PSYoungGen      total 88448K, used 82712K [0x00000000fa000000, 0x00000000ffe80000, 0x0000000100000000)
  eden space 79744K, 100% used [0x00000000fa000000,0x00000000fede0000,0x00000000fede0000)
  from space 8704K, 34% used [0x00000000ff5e0000,0x00000000ff8c6318,0x00000000ffe60000)
  to   space 8192K, 0% used [0x00000000fede0000,0x00000000fede0000,0x00000000ff5e0000)
 ParOldGen       total 72192K, used 57496K [0x00000000e8000000, 0x00000000ec680000, 0x00000000fa000000)
  object space 72192K, 79% used [0x00000000e8000000,0x00000000eb8261b8,0x00000000ec680000)
 PSPermGen       total 95296K, used 57987K [0x00000000e0000000, 0x00000000e5d10000, 0x00000000e8000000)
  object space 95296K, 60% used [0x00000000e0000000,0x00000000e38a0e78,0x00000000e5d10000)
Event: 159.880 GC heap after
Heap after GC invocations=38 (full 1):
 PSYoungGen      total 87936K, used 3000K [0x00000000fa000000, 0x00000000ffea0000, 0x0000000100000000)
  eden space 79744K, 0% used [0x00000000fa000000,0x00000000fa000000,0x00000000fede0000)
  from space 8192K, 36% used [0x00000000fede0000,0x00000000ff0ce318,0x00000000ff5e0000)
  to   space 7744K, 0% used [0x00000000ff710000,0x00000000ff710000,0x00000000ffea0000)
 ParOldGen       total 72192K, used 57496K [0x00000000e8000000, 0x00000000ec680000, 0x00000000fa000000)
  object space 72192K, 79% used [0x00000000e8000000,0x00000000eb8261b8,0x00000000ec680000)
 PSPermGen       total 95296K, used 57987K [0x00000000e0000000, 0x00000000e5d10000, 0x00000000e8000000)
  object space 95296K, 60% used [0x00000000e0000000,0x00000000e38a0e78,0x00000000e5d10000)
}
Event: 216.881 GC heap before
{Heap before GC invocations=39 (full 1):
 PSYoungGen      total 87936K, used 82744K [0x00000000fa000000, 0x00000000ffea0000, 0x0000000100000000)
  eden space 79744K, 100% used [0x00000000fa000000,0x00000000fede0000,0x00000000fede0000)
  from space 8192K, 36% used [0x00000000fede0000,0x00000000ff0ce318,0x00000000ff5e0000)
  to   space 7744K, 0% used [0x00000000ff710000,0x00000000ff710000,0x00000000ffea0000)
 ParOldGen       total 72192K, used 57496K [0x00000000e8000000, 0x00000000ec680000, 0x00000000fa000000)
  object space 72192K, 79% used [0x00000000e8000000,0x00000000eb8261b8,0x00000000ec680000)
 PSPermGen       total 95296K, used 58070K [0x00000000e0000000, 0x00000000e5d10000, 0x00000000e8000000)
  object space 95296K, 60% used [0x00000000e0000000,0x00000000e38b58e0,0x00000000e5d10000)
Event: 217.591 GC heap after
Heap after GC invocations=39 (full 1):
 PSYoungGen      total 89600K, used 3000K [0x00000000fa000000, 0x00000000ffeb0000, 0x0000000100000000)
  eden space 81856K, 0% used [0x00000000fa000000,0x00000000fa000000,0x00000000feff0000)
  from space 7744K, 38% used [0x00000000ff710000,0x00000000ff9fe318,0x00000000ffea0000)
  to   space 7296K, 0% used [0x00000000feff0000,0x00000000feff0000,0x00000000ff710000)
 ParOldGen       total 72192K, used 57504K [0x00000000e8000000, 0x00000000ec680000, 0x00000000fa000000)
  object space 72192K, 79% used [0x00000000e8000000,0x00000000eb8281b8,0x00000000ec680000)
 PSPermGen       total 95296K, used 58070K [0x00000000e0000000, 0x00000000e5d10000, 0x00000000e8000000)
  object space 95296K, 60% used [0x00000000e0000000,0x00000000e38b58e0,0x00000000e5d10000)
}

Deoptimization events (10 events):
Event: 256.755 Thread 0x000000005f264000 Uncommon trap -34 fr.pc 0x0000000027e5de1c
Event: 257.074 Thread 0x000000005f264000 Uncommon trap -34 fr.pc 0x0000000027e5de1c
Event: 258.555 Thread 0x000000005f264000 Uncommon trap -83 fr.pc 0x0000000027e75524
Event: 258.735 Thread 0x000000005f264000 Uncommon trap -34 fr.pc 0x0000000027e5de1c
Event: 261.176 Thread 0x000000005f264000 Uncommon trap -34 fr.pc 0x0000000027e5ff94
Event: 272.814 Thread 0x000000005f264000 Uncommon trap -34 fr.pc 0x0000000027e5de1c
Event: 278.582 Thread 0x000000005f264000 Uncommon trap -58 fr.pc 0x0000000027d60238
Event: 278.584 Thread 0x000000005f264000 Uncommon trap -58 fr.pc 0x0000000027d60238
Event: 278.585 Thread 0x000000005f264000 Uncommon trap -58 fr.pc 0x0000000027d60238
Event: 278.585 Thread 0x000000005f264000 Uncommon trap -58 fr.pc 0x0000000027d60238

Internal exceptions (10 events):
Event: 273.953 Thread 0x000000005f264000 Threw 0x00000000fb0efb70 at C:\jdk7u1_64p\jdk7u11\hotspot\src\share\vm\prims\jvm.cpp:1166
Event: 274.097 Thread 0x000000005f264000 Threw 0x00000000fb10e830 at C:\jdk7u1_64p\jdk7u11\hotspot\src\share\vm\prims\jvm.cpp:1166
Event: 276.373 Thread 0x000000005f264000 Threw 0x00000000fb2ced88 at C:\jdk7u1_64p\jdk7u11\hotspot\src\share\vm\prims\jvm.cpp:1166
Event: 276.452 Thread 0x000000005f264000 Threw 0x00000000fb2f2b58 at C:\jdk7u1_64p\jdk7u11\hotspot\src\share\vm\prims\jvm.cpp:1166
Event: 277.056 Thread 0x000000005f264000 Threw 0x00000000fb3e7818 at C:\jdk7u1_64p\jdk7u11\hotspot\src\share\vm\prims\jvm.cpp:2699
Event: 277.056 Thread 0x000000005f264000 Threw 0x00000000fb3e7818 at C:\jdk7u1_64p\jdk7u11\hotspot\src\share\vm\prims\jvm.cpp:1170
Event: 278.137 Thread 0x000000005f264000 Threw 0x00000000fb589cd0 at C:\jdk7u1_64p\jdk7u11\hotspot\src\share\vm\prims\jvm.cpp:2699
Event: 278.138 Thread 0x000000005f264000 Threw 0x00000000fb589cd0 at C:\jdk7u1_64p\jdk7u11\hotspot\src\share\vm\prims\jvm.cpp:1170
Event: 278.554 Thread 0x000000005f264000 Threw 0x00000000fb759360 at C:\jdk7u1_64p\jdk7u11\hotspot\src\share\vm\prims\jvm.cpp:2699
Event: 278.554 Thread 0x000000005f264000 Threw 0x00000000fb759360 at C:\jdk7u1_64p\jdk7u11\hotspot\src\share\vm\prims\jvm.cpp:1170

Events (10 events):
Event: 277.234 loading class 0x000000005e9d1940 done
Event: 278.252 Executing VM operation: RevokeBias
Event: 278.512 Executing VM operation: RevokeBias done
Event: 278.582 Thread 0x000000005f264000 DEOPT PACKING pc=0x0000000027d60238 sp=0x000000009bffd820
Event: 278.582 Thread 0x000000005f264000 DEOPT UNPACKING pc=0x0000000027969164 sp=0x000000009bffd790 mode 2
Event: 278.584 Thread 0x000000005f264000 DEOPT PACKING pc=0x0000000027d60238 sp=0x000000009bffd820
Event: 278.584 Thread 0x000000005f264000 DEOPT UNPACKING pc=0x0000000027969164 sp=0x000000009bffd790 mode 2
Event: 278.585 Thread 0x000000005f264000 DEOPT PACKING pc=0x0000000027d60238 sp=0x000000009bffd820
Event: 278.585 Thread 0x000000005f264000 DEOPT UNPACKING pc=0x0000000027969164 sp=0x000000009bffd790 mode 2
Event: 278.585 Thread 0x000000005f264000 DEOPT PACKING pc=0x0000000027d60238 sp=0x000000009bffd820


Dynamic libraries:
0x0000000140000000 - 0x0000000140029000 	C:\Program Files\MATLAB\R2013b\bin\win64\MATLAB.exe
0x0000000077ca0000 - 0x0000000077e3f000 	C:\Windows\SYSTEM32\ntdll.dll
0x0000000077b80000 - 0x0000000077c9f000 	C:\Windows\system32\kernel32.dll
0x000007fefd830000 - 0x000007fefd89a000 	C:\Windows\system32\KERNELBASE.dll
0x000000006f060000 - 0x000000006f3dc000 	C:\Program Files\MATLAB\R2013b\bin\win64\libmwservices.dll
0x000000006fe80000 - 0x000000006ff56000 	C:\Program Files\MATLAB\R2013b\bin\win64\libmwi18n.dll
0x000000006fe70000 - 0x000000006fe7d000 	C:\Program Files\MATLAB\R2013b\bin\win64\libmwresource_core.dll
0x000000006ec40000 - 0x000000006ecd8000 	C:\Program Files\MATLAB\R2013b\bin\win64\MSVCP100.dll
0x000000006eb60000 - 0x000000006ec32000 	C:\Program Files\MATLAB\R2013b\bin\win64\MSVCR100.dll
0x000000006ed60000 - 0x000000006ed6e000 	C:\Program Files\MATLAB\R2013b\bin\win64\boost_date_time-vc100-mt-1_49.dll
0x000000006ed30000 - 0x000000006ed5c000 	C:\Program Files\MATLAB\R2013b\bin\win64\boost_filesystem-vc100-mt-1_49.dll
0x000000006ed20000 - 0x000000006ed29000 	C:\Program Files\MATLAB\R2013b\bin\win64\boost_system-vc100-mt-1_49.dll
0x000007feffbb0000 - 0x000007feffc8b000 	C:\Windows\system32\ADVAPI32.dll
0x000007feff380000 - 0x000007feff41f000 	C:\Windows\system32\msvcrt.dll
0x000007fefde80000 - 0x000007fefde9f000 	C:\Windows\SYSTEM32\sechost.dll
0x000007feffe40000 - 0x000007fefff6d000 	C:\Windows\system32\RPCRT4.dll
0x000000006ecf0000 - 0x000000006ed15000 	C:\Program Files\MATLAB\R2013b\bin\win64\LIBEXPAT.dll
0x0000000064280000 - 0x000000006440a000 	C:\Program Files\MATLAB\R2013b\bin\win64\icuin49.dll
0x000000006ea20000 - 0x000000006eb5e000 	C:\Program Files\MATLAB\R2013b\bin\win64\icuuc49.dll
0x000000005d790000 - 0x000000005e8b2000 	C:\Program Files\MATLAB\R2013b\bin\win64\icudt49.dll
0x000000006ece0000 - 0x000000006ecf0000 	C:\Program Files\MATLAB\R2013b\bin\win64\icuio49.dll
0x0000000004210000 - 0x00000000042cb000 	C:\Program Files\MATLAB\R2013b\bin\win64\libut.dll
0x000000006f960000 - 0x000000006fb07000 	C:\Program Files\MATLAB\R2013b\bin\win64\libmwfl.dll
0x00000000042d0000 - 0x00000000046df000 	C:\Program Files\MATLAB\R2013b\bin\win64\libmwMATLAB_res.dll
0x00000000641a0000 - 0x000000006427f000 	C:\Program Files\MATLAB\R2013b\bin\win64\boost_regex-vc100-mt-1_49.dll
0x0000000077a80000 - 0x0000000077b7a000 	C:\Windows\system32\USER32.dll
0x000007fefdfb0000 - 0x000007fefe017000 	C:\Windows\system32\GDI32.dll
0x000007feff200000 - 0x000007feff20e000 	C:\Windows\system32\LPK.dll
0x000007feff210000 - 0x000007feff2db000 	C:\Windows\system32\USP10.dll
0x000000006ea00000 - 0x000000006ea11000 	C:\Program Files\MATLAB\R2013b\bin\win64\boost_signals-vc100-mt-1_49.dll
0x000000006e9e0000 - 0x000000006e9f1000 	C:\Program Files\MATLAB\R2013b\bin\win64\boost_thread-vc100-mt-1_49.dll
0x0000000064110000 - 0x000000006419c000 	C:\Program Files\MATLAB\R2013b\bin\win64\boost_log-vc100-mt-1_49.dll
0x0000000077e50000 - 0x0000000077e57000 	C:\Windows\system32\PSAPI.DLL
0x000007feff180000 - 0x000007feff1cd000 	C:\Windows\system32\WS2_32.dll
0x000007feffc90000 - 0x000007feffc98000 	C:\Windows\system32\NSI.dll
0x000007fef82f0000 - 0x000007fef8323000 	C:\Program Files\MATLAB\R2013b\bin\win64\tbb.dll
0x000007fefff70000 - 0x000007fefff89000 	C:\Windows\system32\imagehlp.dll
0x000007fefb350000 - 0x000007fefb37c000 	C:\Windows\system32\POWRPROF.dll
0x000007fefee10000 - 0x000007fefefe7000 	C:\Windows\system32\SETUPAPI.dll
0x000007fefdb40000 - 0x000007fefdb76000 	C:\Windows\system32\CFGMGR32.dll
0x000007feff420000 - 0x000007feff4fa000 	C:\Windows\system32\OLEAUT32.dll
0x000007feff9b0000 - 0x000007feffbaf000 	C:\Windows\system32\ole32.dll
0x000007fefd8d0000 - 0x000007fefd8ea000 	C:\Windows\system32\DEVOBJ.dll
0x00000000046e0000 - 0x00000000047db000 	C:\Program Files\MATLAB\R2013b\bin\win64\libmx.dll
0x000007fef83d0000 - 0x000007fef83f8000 	C:\Program Files\MATLAB\R2013b\bin\win64\tbbmalloc.dll
0x00000000640f0000 - 0x0000000064107000 	C:\Program Files\MATLAB\R2013b\bin\win64\zlib1.dll
0x000000006ef00000 - 0x000000006ef4e000 	C:\Program Files\MATLAB\R2013b\bin\win64\libmwregexp.dll
0x000000006eeb0000 - 0x000000006eef7000 	C:\Program Files\MATLAB\R2013b\bin\win64\mpath.dll
0x00000000047e0000 - 0x0000000004e08000 	C:\Program Files\MATLAB\R2013b\bin\win64\mlutil.dll
0x000000006e870000 - 0x000000006e8e7000 	C:\Program Files\MATLAB\R2013b\bin\win64\xmlcore.dll
0x0000000063b90000 - 0x0000000063dd1000 	C:\Program Files\MATLAB\R2013b\bin\win64\xerces-c_2_7.dll
0x000000006e5f0000 - 0x000000006e613000 	C:\Program Files\MATLAB\R2013b\bin\win64\libmwMATLAB_settings_res.dll
0x0000000068480000 - 0x0000000068490000 	C:\Program Files\MATLAB\R2013b\bin\win64\boost_iostreams-vc100-mt-1_49.dll
0x00000000640a0000 - 0x00000000640e6000 	C:\Program Files\MATLAB\R2013b\bin\win64\boost_serialization-vc100-mt-1_49.dll
0x000007fefe080000 - 0x000007fefee0a000 	C:\Windows\system32\SHELL32.dll
0x000007feffdc0000 - 0x000007feffe31000 	C:\Windows\system32\SHLWAPI.dll
0x000000006e580000 - 0x000000006e586000 	C:\Program Files\MATLAB\R2013b\bin\win64\libmwnativedisplay.dll
0x00000000685f0000 - 0x000000006863d000 	C:\Program Files\MATLAB\R2013b\bin\win64\opccore.dll
0x00000000684f0000 - 0x00000000685c6000 	C:\Program Files\MATLAB\R2013b\bin\win64\opcmodel.dll
0x00000000684c0000 - 0x00000000684ed000 	C:\Program Files\MATLAB\R2013b\bin\win64\opczippackage.dll
0x0000000068300000 - 0x000000006830e000 	C:\Program Files\MATLAB\R2013b\bin\win64\libminizip.dll
0x0000000068340000 - 0x00000000683a6000 	C:\Program Files\MATLAB\R2013b\bin\win64\opcmwservices.dll
0x000007fef49c0000 - 0x000007fef4a60000 	C:\Windows\WinSxS\amd64_microsoft.windows.common-controls_6595b64144ccf1df_5.82.7601.18837_none_a4d981ff711297b6\COMCTL32.dll
0x000007feffd20000 - 0x000007feffdb7000 	C:\Windows\system32\COMDLG32.dll
0x000007fefad80000 - 0x000007fefad96000 	C:\Windows\system32\NETAPI32.dll
0x000007fefad70000 - 0x000007fefad7c000 	C:\Windows\system32\netutils.dll
0x000007fefd2c0000 - 0x000007fefd2e3000 	C:\Windows\system32\srvcli.dll
0x000007fefad50000 - 0x000007fefad65000 	C:\Windows\system32\wkscli.dll
0x000000006e4d0000 - 0x000000006e57d000 	C:\Program Files\MATLAB\R2013b\bin\win64\mcr.dll
0x000000006e110000 - 0x000000006e4d0000 	C:\Program Files\MATLAB\R2013b\bin\win64\iqm.dll
0x0000000180000000 - 0x00000001800c2000 	C:\Program Files\MATLAB\R2013b\bin\win64\m_dispatcher.dll
0x0000000004e20000 - 0x000000000561b000 	C:\Program Files\MATLAB\R2013b\bin\win64\m_interpreter.dll
0x000000006d760000 - 0x000000006d784000 	C:\Program Files\MATLAB\R2013b\bin\win64\libmex.dll
0x000000006d6e0000 - 0x000000006d75b000 	C:\Program Files\MATLAB\R2013b\bin\win64\profiler.dll
0x000000006d450000 - 0x000000006d5c8000 	C:\Program Files\MATLAB\R2013b\bin\win64\libmwmathutil.dll
0x000000006d420000 - 0x000000006d447000 	C:\Program Files\MATLAB\R2013b\bin\win64\libmwmathrng.dll
0x000000006d410000 - 0x000000006d420000 	C:\Program Files\MATLAB\R2013b\bin\win64\libmwmfl_rng.dll
0x0000000005620000 - 0x0000000005738000 	C:\Program Files\MATLAB\R2013b\bin\win64\libmwmathcore.dll
0x000000006d2b0000 - 0x000000006d313000 	C:\Program Files\MATLAB\R2013b\bin\win64\libmwspmatrix.dll
0x0000000005740000 - 0x00000000059a2000 	C:\Program Files\MATLAB\R2013b\bin\win64\mcos.dll
0x000000006cfc0000 - 0x000000006d01c000 	C:\Program Files\MATLAB\R2013b\bin\win64\libmwcholmod.dll
0x000000006cfb0000 - 0x000000006cfbc000 	C:\Program Files\MATLAB\R2013b\bin\win64\libmwamd.dll
0x000000006cfa0000 - 0x000000006cfab000 	C:\Program Files\MATLAB\R2013b\bin\win64\libmwcolamd.dll
0x000000006cf80000 - 0x000000006cf93000 	C:\Program Files\MATLAB\R2013b\bin\win64\libmwblas.dll
0x000000006cf60000 - 0x000000006cf75000 	C:\Program Files\MATLAB\R2013b\bin\win64\libmwbinder.dll
0x000000006cf50000 - 0x000000006cf5b000 	C:\Program Files\MATLAB\R2013b\bin\win64\libmwompwrapper.dll
0x000000006ced0000 - 0x000000006cf4f000 	C:\Program Files\MATLAB\R2013b\bin\win64\libmwlapack.dll
0x000000006ceb0000 - 0x000000006ced0000 	C:\Program Files\MATLAB\R2013b\bin\win64\m_pcodeio.dll
0x000000006ce50000 - 0x000000006ceac000 	C:\Program Files\MATLAB\R2013b\bin\win64\m_ir.dll
0x00000000059b0000 - 0x0000000006065000 	C:\Program Files\MATLAB\R2013b\bin\win64\m_parser.dll
0x000000006c780000 - 0x000000006c797000 	C:\Program Files\MATLAB\R2013b\bin\win64\ir_xfmr.dll
0x000000006c770000 - 0x000000006c780000 	C:\Program Files\MATLAB\R2013b\bin\win64\mtok.dll
0x000000006c740000 - 0x000000006c768000 	C:\Program Files\MATLAB\R2013b\bin\win64\m_pcodegen.dll
0x000007fef5820000 - 0x000007fef5945000 	C:\Windows\system32\dbghelp.dll
0x000000006c710000 - 0x000000006c73f000 	C:\Program Files\MATLAB\R2013b\bin\win64\libmwbridge.dll
0x000000006c650000 - 0x000000006c706000 	C:\Program Files\MATLAB\R2013b\bin\win64\udd.dll
0x0000000006070000 - 0x00000000061c1000 	C:\Program Files\MATLAB\R2013b\bin\win64\libmwgui.dll
0x000000006c4d0000 - 0x000000006c4f8000 	C:\Program Files\MATLAB\R2013b\bin\win64\graphics_util.dll
0x0000000063fe0000 - 0x0000000064098000 	C:\Program Files\MATLAB\R2013b\bin\win64\libtex_base.dll
0x000000006bac0000 - 0x000000006c426000 	C:\Program Files\MATLAB\R2013b\bin\win64\hg.dll
0x000000006ba60000 - 0x000000006babd000 	C:\Program Files\MATLAB\R2013b\bin\win64\libmat.dll
0x000000006b850000 - 0x000000006ba58000 	C:\Program Files\MATLAB\R2013b\bin\win64\hdf5dll.dll
0x000000006b780000 - 0x000000006b848000 	C:\Program Files\MATLAB\R2013b\bin\win64\jmi.dll
0x000000006b770000 - 0x000000006b77e000 	C:\Program Files\MATLAB\R2013b\bin\win64\nativejava_services.dll
0x00000000061e0000 - 0x0000000006222000 	C:\Program Files\MATLAB\R2013b\bin\win64\libmwhardcopy.dll
0x000000006b6d0000 - 0x000000006b72e000 	C:\Program Files\MATLAB\R2013b\bin\win64\libuij.dll
0x000000006b490000 - 0x000000006b695000 	C:\Program Files\MATLAB\R2013b\bin\win64\hgdatatypes.dll
0x0000000006230000 - 0x0000000006342000 	C:\Program Files\MATLAB\R2013b\bin\win64\hgutils.dll
0x000000006b2f0000 - 0x000000006b39e000 	C:\Program Files\MATLAB\R2013b\bin\win64\udd_mi.dll
0x000000006b2b0000 - 0x000000006b2e6000 	C:\Program Files\MATLAB\R2013b\bin\win64\libmwgbtutils.dll
0x000000006b290000 - 0x000000006b2a3000 	C:\Program Files\MATLAB\R2013b\bin\win64\libmwgbt.dll
0x000000006afc0000 - 0x000000006b28f000 	C:\Program Files\MATLAB\R2013b\bin\win64\uiw.dll
0x000000006afb0000 - 0x000000006afb9000 	C:\Program Files\MATLAB\R2013b\bin\win64\uinone.dll
0x000000006af80000 - 0x000000006afac000 	C:\Program Files\MATLAB\R2013b\bin\win64\libmwnativedialogs.dll
0x000000006af70000 - 0x000000006af7c000 	C:\Program Files\MATLAB\R2013b\bin\win64\libmwplatform_res.dll
0x000007fef4980000 - 0x000007fef4998000 	C:\Windows\system32\MPR.dll
0x0000000063630000 - 0x0000000063b8d000 	C:\Program Files\MATLAB\R2013b\bin\win64\mfc100.dll
0x000007fefcb00000 - 0x000007fefcb07000 	C:\Windows\system32\MSIMG32.dll
0x000007fefaf10000 - 0x000007fefaf81000 	C:\Windows\system32\WINSPOOL.DRV
0x000000006af50000 - 0x000000006af6d000 	C:\Program Files\MATLAB\R2013b\bin\win64\mwoles05.DLL
0x000000006aee0000 - 0x000000006af4c000 	C:\Program Files\MATLAB\R2013b\bin\win64\comcli.dll
0x0000000063fb0000 - 0x0000000063fdb000 	C:\Program Files\MATLAB\R2013b\bin\win64\ATL100.DLL
0x000000006aed0000 - 0x000000006aedc000 	C:\Program Files\MATLAB\R2013b\bin\win64\mlautoregister.dll
0x0000000006360000 - 0x00000000064cf000 	C:\Program Files\MATLAB\R2013b\bin\win64\mvm.dll
0x000007fefd630000 - 0x000007fefd687000 	C:\Windows\system32\apphelp.dll
0x000007fef8290000 - 0x000007fef82e3000 	C:\Windows\AppPatch\AppPatch64\AcGenral.DLL
0x000007fefd600000 - 0x000007fefd625000 	C:\Windows\system32\SspiCli.dll
0x0000000071230000 - 0x0000000071233000 	C:\Windows\system32\sfc.dll

VM Arguments:
jvm_args: -XX:PermSize=32m -Xms64m -XX:NewRatio=3 -XX:MaxPermSize=128m -Xmx384m -XX:MaxDirectMemorySize=2147400000 -Dsun.java2d.noddraw=true -Dsun.awt.nopixfmt=true -Xshare:off -Xrs -XX:-UseSplitVerifier -Djava.library.path=C:\Program Files\MATLAB\R2013b\bin\win64;C:\Program Files\MATLAB\R2013b\sys\jxbrowser\win64\lib vfprintf abort -Duser.language=en -Duser.country=US 
java_command: <unknown>
Launcher Type: generic

Environment Variables:
PATH=C:\ProgramData\Oracle\Java\javapath;C:\Program Files (x86)\Cuminas\Document Express DjVu Plug-in\;C:\Program Files (x86)\Measurement Computing\DAQ\;C:\Program Files (x86)\Intel\iCLS Client\;C:\Program Files\Intel\iCLS Client\;C:\Program Files\Dell\DW WLAN Card;;C:\Windows\system32;C:\Windows;C:\Windows\System32\Wbem;C:\Windows\System32\WindowsPowerShell\v1.0\;C:\Program Files (x86)\Intel\OpenCL SDK\2.0\bin\x86;C:\Program Files (x86)\Intel\OpenCL SDK\2.0\bin\x64;C:\Program Files\MATLAB\R2013b\runtime\win64;C:\Program Files\MATLAB\R2013b\bin;C:\Program Files\MATLAB\R2013b\polyspace\bin;C:\Program Files\Intel\Intel(R) Management Engine Components\DAL;C:\Program Files\Intel\Intel(R) Management Engine Components\IPT;C:\Program Files (x86)\Intel\Intel(R) Management Engine Components\DAL;C:\Program Files (x86)\Intel\Intel(R) Management Engine Components\IPT;C:\Program Files\ASUS\Bluetooth Software\;C:\Program Files\ASUS\Bluetooth Software\syswow64;C:\Program Files (x86)\Skype\Phone\
USERNAME=ABC
OS=Windows_NT
PROCESSOR_IDENTIFIER=Intel64 Family 6 Model 58 Stepping 9, GenuineIntel



---------------  S Y S T E M  ---------------

OS: Windows 7 , 64 bit Build 7601 Service Pack 1

CPU:total 4 (2 cores per cpu, 2 threads per core) family 6 model 58 stepping 9, cmov, cx8, fxsr, mmx, sse, sse2, sse3, ssse3, sse4.1, sse4.2, popcnt, avx, ht, tsc, tscinvbit, tscinv

Memory: 4k page, physical 4064504k(381752k free), swap 10206600k(1228k free)

vm_info: Java HotSpot(TM) 64-Bit Server VM (23.6-b04) for windows-amd64 JRE (1.7.0_11-b21), built on Jan 12 2013 02:38:42 by "java_re" with unknown MS VC++:1600

time: Sun Jan 27 17:33:15 2019
elapsed time: 278 seconds

